2026-06-22 15:29:42	system	server_start	listen 9527
2026-06-22 15:30:24	system	server_start	listen 9527
2026-06-22 15:30:25	demo	login_ok	/users/demo
2026-06-22 15:30:51	system	server_start	listen 9527
2026-06-22 15:30:53	demo	login_ok	/users/demo
2026-06-22 15:32:23	system	server_start	listen 9527
2026-06-22 15:32:24	demo	login_ok	/users/demo
2026-06-22 15:32:24	demo	upload	/upload/demo/smoke_upload.txt
2026-06-22 15:32:55	system	server_start	listen 9527
2026-06-22 15:32:56	demo	login_ok	/users/demo
2026-06-22 15:34:07	system	server_start	listen 9527
2026-06-22 15:34:08	demo	login_ok	/users/demo
2026-06-22 15:34:08	demo	download	/upload/demo/smoke_upload.txt
2026-06-22 15:34:53	system	server_start	listen 9527
2026-06-22 15:34:54	anonymous	login_ok	/public
2026-06-22 15:34:54	anonymous	deny	list /users/demo
2026-06-22 15:35:35	system	server_start	listen 9527
2026-06-22 15:35:36	demo	login_ok	/users/demo
2026-06-22 15:35:36	demo	download	/upload/demo/smoke_upload.txt
2026-06-22 15:38:19	system	server_start	listen 9527
2026-06-22 15:38:20	demo	login_ok	/users/demo
2026-06-22 15:38:20	demo	upload	/upload/demo/bin_smoke.txt
2026-06-22 15:38:20	demo	download	/upload/demo/bin_smoke.txt
